
> react-executor@1.0.0 start
> node server.js

🚀 React Executor Server running on port 4000
📸 Screenshots available at: http://localhost:4000/screenshots/
❤️  Health check: http://localhost:4000/health
🎯 Component execution: POST http://localhost:4000/execute-component
🚀 Executing interactive component: Component_1753804498170
[1m[43m[30m
  Puppeteer old Headless deprecation warning:[0m[33m
    In the near future `headless: true` will default to the new Headless mode
    for Chrome instead of the old Headless implementation. For more
    information, please see https://developer.chrome.com/articles/new-headless/.
    Consider opting in early by passing `headless: "new"` to `puppeteer.launch()`
    If you encounter any bugs, please report them to https://github.com/puppeteer/puppeteer/issues/new/choose.[0m

❌ Component execution failed: Error: Navigating frame was detached
    at #onFrameDetached (/Users/aparajitbhattacharya/Library/CloudStorage/OneDrive-Personal/MyDocuments/AI/Ayush-Agents/codeact/react-executor/node_modules/puppeteer-core/lib/cjs/puppeteer/cdp/LifecycleWatcher.js:99:47)
    at /Users/aparajitbhattacharya/Library/CloudStorage/OneDrive-Personal/MyDocuments/AI/Ayush-Agents/codeact/react-executor/node_modules/puppeteer-core/lib/cjs/third_party/mitt/mitt.js:1:732
    at Array.map (<anonymous>)
    at Object.emit (/Users/aparajitbhattacharya/Library/CloudStorage/OneDrive-Personal/MyDocuments/AI/Ayush-Agents/codeact/react-executor/node_modules/puppeteer-core/lib/cjs/third_party/mitt/mitt.js:1:716)
    at CdpFrame.emit (/Users/aparajitbhattacharya/Library/CloudStorage/OneDrive-Personal/MyDocuments/AI/Ayush-Agents/codeact/react-executor/node_modules/puppeteer-core/lib/cjs/puppeteer/common/EventEmitter.js:83:23)
    at #removeFramesRecursively (/Users/aparajitbhattacharya/Library/CloudStorage/OneDrive-Personal/MyDocuments/AI/Ayush-Agents/codeact/react-executor/node_modules/puppeteer-core/lib/cjs/puppeteer/cdp/FrameManager.js:444:15)
    at #onClientDisconnect (/Users/aparajitbhattacharya/Library/CloudStorage/OneDrive-Personal/MyDocuments/AI/Ayush-Agents/codeact/react-executor/node_modules/puppeteer-core/lib/cjs/puppeteer/cdp/FrameManager.js:92:42)
